<?xml version="1.0" encoding="UTF-8"?>
<!-- Generated by org.testng.reporters.JUnitReportReporter -->
<testsuite hostname="DESKTOP-0CKFBBD" failures="0" tests="1" name="driverFactory.AppTest" time="60.647" errors="0" timestamp="2024-05-20T13:26:02 IST" skipped="0">
  <testcase classname="driverFactory.AppTest" name="startTest" time="60.647">
    <system-out>
      <![CDATA[No of rows are::5
Customer-00000005693=================Customer-00000005693
Customer-00000005694=================Customer-00000005690
Customer-00000005695=================Customer-00000005695
Customer-00000005696=================Customer-00000004728
Customer-00000005697=================Customer-00000004728]]>
    </system-out>
  </testcase> <!-- startTest -->
  <system-out>
    <![CDATA[No of rows are::5
Customer-00000005693=================Customer-00000005693
Customer-00000005694=================Customer-00000005690
Customer-00000005695=================Customer-00000005695
Customer-00000005696=================Customer-00000004728
Customer-00000005697=================Customer-00000004728
No of rows are::5]]>
  </system-out>
</testsuite> <!-- driverFactory.AppTest -->
