<?xml version="1.0" encoding="UTF-8"?>
<!-- Generated by org.testng.reporters.JUnitReportReporter -->
<testsuite hostname="DESKTOP-0CKFBBD" failures="0" tests="1" name="driverFactory.AppTest" time="45.199" errors="0" timestamp="2024-05-09T16:52:31 IST" skipped="0">
  <testcase classname="driverFactory.AppTest" name="startTest" time="45.199">
    <system-out>
      <![CDATA[No of rows are::5
Customer-00000005603=================Customer-00000005603
Customer-00000005604=================Customer-00000005604
Customer-00000005605=================Customer-00000005605
Customer-00000005606=================Customer-00000005606
Customer-00000005607=================Customer-00000005607]]>
    </system-out>
  </testcase> <!-- startTest -->
  <system-out>
    <![CDATA[No of rows are::5
Customer-00000005603=================Customer-00000005603
Customer-00000005604=================Customer-00000005604
Customer-00000005605=================Customer-00000005605
Customer-00000005606=================Customer-00000005606
Customer-00000005607=================Customer-00000005607]]>
  </system-out>
</testsuite> <!-- driverFactory.AppTest -->
